## STDOUT ##

[[92mINFO[0m] SC2 4.9.0 ìš© íŒ¨ì¹˜ ì ìš©
íŒ¨ì¹˜ sc2.ids.ability_id
íŒ¨ì¹˜ sc2.game_state
íŒ¨ì¹˜ sc2.bot_ai
íŒ¨ì¹˜ sc2.client
íŒ¨ì¹˜ sc2.controller
íŒ¨ì¹˜ sc2.main
INFO:sc2.protocol:Client status changed to Status.launched (was None)
INFO:sc2_patch.sc2_patch_490.controller:Creating new game
INFO:sc2_patch.sc2_patch_490.controller:Map:     NCFellowship-2019_m1_v6
INFO:sc2_patch.sc2_patch_490.controller:Players: Bot(Race.Terran, <bots.npc.osjbot.OsjBot object at 0x7f21d2ec1128>), Bot(Race.Terran, <bots.big.custom_bot.CustomBot object at 0x7f21d2ec1a90>)
INFO:sc2.protocol:Client status changed to Status.init_game (was Status.launched)
INFO:sc2.protocol:Client status changed to Status.launched (was None)
INFO:sc2.protocol:Client status changed to Status.in_game (was None)
INFO:root:Player 2 - Bot(Race.Terran, <bots.big.custom_bot.CustomBot object at 0x7f21d2ec1a90>)
TEST: 2, <bots.big.custom_bot.CustomBot object at 0x7f21d2ec1a90>
INFO:sc2.protocol:Client status changed to Status.in_game (was None)
INFO:root:Player 1 - Bot(Race.Terran, <bots.npc.osjbot.OsjBot object at 0x7f21d2ec1128>)
TEST: 1, <bots.npc.osjbot.OsjBot object at 0x7f21d2ec1128>

ready
ready
ready
ready
ready
ready
ready
ready
ready
ready
ready
ready
ready
ready
ready
ready
ready
ready
ready
ready
ready
ready
ready
ready
ready
ready
ready
ready
ready
ready
ready
go
go
go
go
go
go
go
go
go
go
go
go
go
go
go
go
go
go
go
go
combat
combat
combat
combat
combat
combat
combat
combat
combat
combat
combat
fallback
fallback
fallback
fallback
fallback
fallback
fallback
fallback
fallback
fallback
ready
ready
ready
ready
ready
ready
ready
ready
ready
ready
ready
ready
ready
ready
ready
ready
ready
ready
ready
ready
ready
ready
ready
ready
ready
ready
ready
ready
ready
ready
ready
ready
ready
ready
ready
ready
ready
ready
ready
ready
ready
ready
ready
ready
ready
ready
ready
ready
ready
ready
ready
ready
ready
ready
ready
go
go
go
go
go
go
go
go
go
go
go
go
combat
fallback
fallback
fallback
fallback
fallback
fallback
fallback
fallback
fallback
fallback
ready
ready
ready
ready
ready
ready
ready
ready
ready
ready
ready
ready
ready
ready
ready
ready
ready
ready
ready
ready
ready
ready
ready
ready
ready
ready
ready
ready
ready
ready
ready
ready
ready
ready
ready
ready
ready
ready
ready
ready
ready
ready
ready
ready
ready
ready
ready
ready
ready
ready
ready
ready
ready
ready
ready
ready
ready
ready
ready
ready
ready
ready
ready
ready
ready
ready
ready
ready
ready
ready
ready
ready
ready
ready
ready
ready
ready
ready
ready
ready
ready
ready
ready
ready
ready
ready
ready
ready
ready
ready
ready
ready
ready
ready
ready
ready
ready
ready
ready
ready
ready
ready
ready
ready
ready
ready
ready
ready
ready
ready
ready
ready
ready
ready
ready
ready
ready
ready
ready
ready
ready
ready
ready
ready
ready
ready
ready
ready
ready
ready
ready
ready
ready
ready
ready
ready
ready
ready
ready
ready
ready
ready
ready
ready
ready
ready
ready
ready
ready
ready
ready
ready
ready
ready
ready
ready
ready
ready
ready
ready
ready
ready
ready
ready
ready
ready
ready
ready
ready
ready
ready
ready
ready
ready
ready
ready
ready
ready
ready
ready
ready
ready
ready
ready
ready
ready
ready
ready
ready
<bots.big.custom_bot.CombatGroupManager object at 0x7f21e7d230f0>
<bots.big.custom_bot.CombatGroupManager object at 0x7f21e7d230f0>
INFO:sc2.protocol:Client status changed to Status.ended (was Status.in_game)
INFO:root:Result for player 2 - Bot(Race.Terran, <bots.big.custom_bot.CustomBot object at 0x7f21d2ec1a90>): Defeat
INFO:sc2.protocol:Client status changed to Status.ended (was Status.in_game)
INFO:root:Result for player 1 - Bot(Race.Terran, <bots.npc.osjbot.OsjBot object at 0x7f21d2ec1128>): Victory
INFO:sc2.client:Saved replay to outs/2020-01-28T10-02-12/replays/npc-big/npc-big-2.SC2Replay
INFO:sc2.protocol:Client status changed to Status.launched (was Status.ended)
INFO:sc2.protocol:Client status changed to Status.quit (was Status.launched)
INFO:sc2.sc2process:kill_switch: Process cleanup
INFO:sc2.sc2process:Cleaning up...
INFO:sc2.sc2process:Cleanup complete
INFO:sc2.sc2process:Cleaning up...
INFO:sc2.sc2process:Cleanup complete
INFO:sc2.protocol:Cannot receive: Connection already closed.
INFO:sc2.sc2process:kill_switch: Process cleanup
INFO:sc2.sc2process:Cleaning up...
INFO:sc2.sc2process:Cleanup complete
INFO:sc2.sc2process:Cleaning up...
INFO:sc2.sc2process:Cleanup complete


## STDERR ##

Version: B75689 (SC2.4.10)
Build: Aug 12 2019 17:16:57
Command Line: '"/home/hspark8312/StarCraftII/Versions/Base75689/SC2_x64" -listen 127.0.0.1 -port 17754 -displayMode 0 -dataDir /home/hspark8312/StarCraftII -tempDir /tmp/SC2_j2ay3nz1'
Starting up...
Startup Phase 1 complete
Version: B75689 (SC2.4.10)
Build: Aug 12 2019 17:16:57
Command Line: '"/home/hspark8312/StarCraftII/Versions/Base75689/SC2_x64" -listen 127.0.0.1 -port 24989 -displayMode 0 -dataDir /home/hspark8312/StarCraftII -tempDir /tmp/SC2_00k_d1d_'
Starting up...
Startup Phase 1 complete
Startup Phase 2 complete
Creating stub renderer...
Listening on: 127.0.0.1:17754
Startup Phase 3 complete. Ready for commands.
Startup Phase 2 complete
Creating stub renderer...
ConnectHandler: Request from 127.0.0.1:54683 accepted
ReadyHandler: 127.0.0.1:54683 ready
Requesting to join a multiplayer game
Configuring interface options
Configure: raw interface enabled
Configure: feature layer interface enabled
Configure: score interface enabled
Configure: render interface disabled
Create game with map path: NCFellowship-2019_m1_v6.SC2Map
Listening on: 127.0.0.1:24989
Startup Phase 3 complete. Ready for commands.
ConnectHandler: Request from 127.0.0.1:54684 accepted
ReadyHandler: 127.0.0.1:54684 ready
Requesting to join a multiplayer game
Configuring interface options
Configure: raw interface enabled
Configure: feature layer interface enabled
Configure: score interface enabled
Configure: render interface disabled
Attempting to join a game with the map: NCFellowship-2019_m1_v6.SC2Map
Game has started.
Using default stable ids, none found at: /home/hspark8312/StarCraftII/stableid.json
Successfully loaded stable ids: GameData\stableid.json
Sending ResponseJoinGame
Game has started.
Using default stable ids, none found at: /home/hspark8312/StarCraftII/stableid.json
Successfully loaded stable ids: GameData\stableid.json
Sending ResponseJoinGame
RequestQuit command received.
Closing Application...
CloseHandler: 127.0.0.1:54684 disconnected
Terminate action already called.
