## STDOUT ##

[[92mINFO[0m] SC2 4.9.0 ìš© íŒ¨ì¹˜ ì ìš©
íŒ¨ì¹˜ sc2.ids.ability_id
íŒ¨ì¹˜ sc2.game_state
íŒ¨ì¹˜ sc2.bot_ai
íŒ¨ì¹˜ sc2.client
íŒ¨ì¹˜ sc2.controller
íŒ¨ì¹˜ sc2.main
INFO:sc2.protocol:Client status changed to Status.launched (was None)
INFO:sc2_patch.sc2_patch_490.controller:Creating new game
INFO:sc2_patch.sc2_patch_490.controller:Map:     NCFellowship-2019_m1_v6
INFO:sc2_patch.sc2_patch_490.controller:Players: Bot(Race.Terran, <bots.big.custom_bot.CustomBot object at 0x7fc11b5e8f28>), Bot(Race.Terran, <bots.big.custom_bot.CustomBot object at 0x7fc11dc157f0>)
INFO:sc2.protocol:Client status changed to Status.init_game (was Status.launched)
INFO:sc2.protocol:Client status changed to Status.launched (was None)
INFO:sc2.protocol:Client status changed to Status.in_game (was None)
INFO:root:Player 2 - Bot(Race.Terran, <bots.big.custom_bot.CustomBot object at 0x7fc11dc157f0>)
TEST: 2, <bots.big.custom_bot.CustomBot object at 0x7fc11dc157f0>
INFO:sc2.protocol:Client status changed to Status.in_game (was None)
INFO:root:Player 1 - Bot(Race.Terran, <bots.big.custom_bot.CustomBot object at 0x7fc11b5e8f28>)
TEST: 1, <bots.big.custom_bot.CustomBot object at 0x7fc11b5e8f28>


ready
ready
ready
ready
ready
ready
ready
ready
ready
ready
ready
ready
ready
ready
ready
ready
ready
ready
ready
ready
ready
ready
ready
ready
ready
ready
ready
ready
ready
ready
ready
ready
ready
ready
ready
ready
ready
ready
ready
ready
ready
ready
ready
ready
ready
ready
ready
ready
ready
ready
ready
ready
ready
ready
ready
ready
ready
ready
ready
ready
ready
ready
go
go
go
go
go
go
go
go
go
go
go
go
go
go
go
go
go
go
go
go
go
go
go
go
go
go
go
go
go
go
go
go
go
go
go
go
go
go
combat
combat
fallback
fallback
fallback
fallback
fallback
fallback
fallback
fallback
fallback
fallback
fallback
fallback
fallback
fallback
fallback
fallback
fallback
ready
ready
ready
ready
ready
ready
ready
ready
ready
ready
ready
ready
ready
ready
ready
ready
ready
ready
ready
ready
ready
ready
ready
ready
ready
ready
ready
ready
ready
ready
ready
ready
ready
ready
ready
ready
ready
ready
ready
ready
ready
ready
ready
ready
ready
ready
ready
ready
ready
ready
ready
ready
ready
ready
ready
ready
ready
ready
ready
ready
ready
ready
ready
ready
ready
ready
ready
ready
ready
ready
ready
ready
ready
ready
ready
ready
ready
ready
ready
ready
ready
ready
ready
ready
ready
ready
ready
ready
ready
ready
ready
ready
ready
ready
ready
ready
ready
ready
ready
ready
ready
ready
ready
ready
ready
ready
ready
ready
ready
ready
ready
ready
ready
ready
ready
ready
ready
ready
ready
ready
ready
ready
ready
ready
ready
ready
ready
ready
ready
ready
ready
ready
ready
ready
ready
ready
ready
ready
ready
ready
ready
ready
ready
ready
ready
ready
ready
ready
ready
ready
ready
ready
ready
ready
ready
ready
ready
ready
ready
ready
ready
ready
ready
ready
ready
ready
ready
ready
ready
ready
ready
ready
ready
ready
ready
ready
ready
ready
ready
ready
ready
ready
ready
ready
ready
ready
ready
ready
ready
ready
ready
ready
ready
ready
ready
ready
ready
ready
ready
ready
ready
ready
ready
ready
ready
ready
ready
ready
ready
ready
ready
ready
ready
ready
ready
ready
ready
ready
ready
ready
ready
ready
ready
ready
ready
ready
ready
ready
ready
ready
ready
ready
ready
ready
ready
ready
ready
ready
ready
ready
ready
ready
ready
ready
ready
ready
ready
ready
ready
ready
ready
ready
ready
ready
ready
ready
go
ready
go
go
ready
go
ready
go
go
go
go
go
go
go
go
go
go
go
go
go
go
go
go
combat
combat
fallback
fallback
fallback
fallback
fallback
fallback
fallback
fallback
fallback
fallback
fallback
fallback
fallback
ready
fallback
ready
fallback
ready
fallback
ready
fallback
ready
ready
ready
ready
ready
ready
ready
ready
ready
ready
ready
ready
ready
ready
ready
ready
ready
ready
ready
ready
ready
go
ready
go
ready
go
ready
ready
go
ready
go
ready
go
ready
go
go
ready
go
ready
go
ready
go
ready
go
ready
combat
ready
fallback
ready
fallback
ready
fallback
ready
fallback
ready
fallback
ready
fallback
ready
fallback
ready
fallback
ready
fallback
ready
fallback
ready
ready
ready
ready
ready
ready
ready
ready
ready
ready
ready
ready
ready
ready
ready
ready
ready
ready
ready
ready
ready
ready
ready
ready
ready
ready
ready
ready
ready
ready
ready
ready
ready
ready
ready
ready
ready
ready
ready
ready
ready
ready
ready
ready
ready
ready
ready
ready
ready
ready
ready
ready
ready
ready
ready
ready
ready
ready
ready
ready
ready
ready
ready
ready
ready
ready
ready
ready
ready
ready
ready
ready
ready
ready
go
ready
go
ready
go
ready
go
ready
go
ready
go
ready
go
ready
go
ready
go
ready
go
ready
go
ready
go
ready
go
ready
go
ready
go
ready
go
ready
go
ready
go
ready
go
ready
go
go
ready
go
go
ready
go
go
ready
go
go
ready
go
go
ready
go
go
ready
go
go
ready
go
go
ready
go
go
ready
go
go
ready
go
go
ready
go
go
ready
go
go
go
go
ready
ready
go
go
ready
go
go
ready
go
go
ready
go
go
ready
go
go
ready
go
go
ready
go
go
ready
go
go
ready
go
go
ready
go
go
ready
go
go
ready
go
go
ready
go
go
ready
go
go
ready
go
go
ready
go
go
ready
go
go
ready
go
go
ready
go
go
ready
go
go
ready
go
go
ready
go
go
ready
go
go
ready
go
go
ready
go
go
ready
go
go
<bots.big.custom_bot.CombatGroupManager object at 0x7fc132ad4cc0>
<bots.big.custom_bot.CombatGroupManager object at 0x7fc132aebc18>
<bots.big.custom_bot.CombatGroupManager object at 0x7fc132ad4cc0>
<bots.big.custom_bot.CombatGroupManager object at 0x7fc132aebc18>
<bots.big.custom_bot.CombatGroupManager object at 0x7fc132ad4cc0>
<bots.big.custom_bot.CombatGroupManager object at 0x7fc132aebc18>
ERROR:sc2_patch.sc2_patch_490.main:AI step threw an error
Traceback (most recent call last):
  File "/mnt/d/sc2minigame-eval-2020-01-09/sc2_patch/sc2_patch_490/main.py", line 180, in _play_game_ai
    await ai.on_step(iteration)
  File "/mnt/d/sc2minigame-eval-2020-01-09/bots/big/custom_bot.py", line 1288, in on_step
    self.strategic_manager.step()
  File "/mnt/d/sc2minigame-eval-2020-01-09/bots/big/custom_bot.py", line 1104, in step
    scout_result = self.scout_manager.scout_info
AttributeError: 'StrategicManager' object has no attribute 'scout_manager'
ERROR:sc2_patch.sc2_patch_490.main:Error: 'StrategicManager' object has no attribute 'scout_manager'
ERROR:sc2_patch.sc2_patch_490.main:Resigning due to previous error
INFO:root:Result for player 1 - Bot(Race.Terran, <bots.big.custom_bot.CustomBot object at 0x7fc11b5e8f28>): Defeat
INFO:sc2.client:Saved replay to outs/2020-01-28T10-02-12/replays/big-big/big-big-0.SC2Replay
INFO:sc2.protocol:Client status changed to Status.ended (was Status.in_game)
INFO:root:Result for player 2 - Bot(Race.Terran, <bots.big.custom_bot.CustomBot object at 0x7fc11dc157f0>): Victory
INFO:sc2.protocol:Client status changed to Status.launched (was Status.in_game)
INFO:sc2.protocol:Client status changed to Status.quit (was Status.launched)
INFO:sc2.sc2process:kill_switch: Process cleanup
INFO:sc2.sc2process:Cleaning up...
INFO:sc2.sc2process:Cleanup complete
INFO:sc2.sc2process:Cleaning up...
INFO:sc2.sc2process:Cleanup complete
INFO:sc2.protocol:Client status changed to Status.launched (was Status.ended)
INFO:sc2.protocol:Cannot receive: Connection already closed.
INFO:sc2.sc2process:kill_switch: Process cleanup
INFO:sc2.sc2process:Cleaning up...
INFO:sc2.sc2process:Cleanup complete
INFO:sc2.sc2process:Cleaning up...
INFO:sc2.sc2process:Cleanup complete


## STDERR ##

Version: B75689 (SC2.4.10)
Build: Aug 12 2019 17:16:57
Command Line: '"/home/hspark8312/StarCraftII/Versions/Base75689/SC2_x64" -listen 127.0.0.1 -port 15815 -displayMode 0 -dataDir /home/hspark8312/StarCraftII -tempDir /tmp/SC2_8rct5x3x'
Starting up...
Startup Phase 1 complete
Version: B75689 (SC2.4.10)
Build: Aug 12 2019 17:16:57
Command Line: '"/home/hspark8312/StarCraftII/Versions/Base75689/SC2_x64" -listen 127.0.0.1 -port 22484 -displayMode 0 -dataDir /home/hspark8312/StarCraftII -tempDir /tmp/SC2_7elt1bcj'
Starting up...
Startup Phase 1 complete
Startup Phase 2 complete
Creating stub renderer...
Listening on: 127.0.0.1:15815
Startup Phase 3 complete. Ready for commands.
Startup Phase 2 complete
Creating stub renderer...
ConnectHandler: Request from 127.0.0.1:61340 accepted
ReadyHandler: 127.0.0.1:61340 ready
Requesting to join a multiplayer game
Configuring interface options
Configure: raw interface enabled
Configure: feature layer interface enabled
Configure: score interface enabled
Configure: render interface disabled
Create game with map path: NCFellowship-2019_m1_v6.SC2Map
Listening on: 127.0.0.1:22484
Startup Phase 3 complete. Ready for commands.
ConnectHandler: Request from 127.0.0.1:61341 accepted
ReadyHandler: 127.0.0.1:61341 ready
Requesting to join a multiplayer game
Configuring interface options
Configure: raw interface enabled
Configure: feature layer interface enabled
Configure: score interface enabled
Configure: render interface disabled
Attempting to join a game with the map: NCFellowship-2019_m1_v6.SC2Map
Game has started.
Using default stable ids, none found at: /home/hspark8312/StarCraftII/stableid.json
Successfully loaded stable ids: GameData\stableid.json
Sending ResponseJoinGame
Game has started.
Using default stable ids, none found at: /home/hspark8312/StarCraftII/stableid.json
Successfully loaded stable ids: GameData\stableid.json
Sending ResponseJoinGame
RequestQuit command received.
Closing Application...
